{"/home/laura/term3/rostr-backend/src/server.js": {"path":"/home/laura/term3/rostr-backend/src/server.js","statementMap":{"0":{"start":{"line":1,"column":16},"end":{"line":1,"column":34}},"1":{"start":{"line":2,"column":21},"end":{"line":2,"column":69}},"2":{"start":{"line":3,"column":20},"end":{"line":3,"column":63}},"3":{"start":{"line":4,"column":19},"end":{"line":4,"column":60}},"4":{"start":{"line":6,"column":12},"end":{"line":6,"column":21}},"5":{"start":{"line":8,"column":13},"end":{"line":8,"column":17}},"6":{"start":{"line":10,"column":0},"end":{"line":10,"column":23}},"7":{"start":{"line":11,"column":0},"end":{"line":11,"column":33}},"8":{"start":{"line":13,"column":0},"end":{"line":13,"column":29}},"9":{"start":{"line":15,"column":0},"end":{"line":19,"column":2}},"10":{"start":{"line":16,"column":4},"end":{"line":18,"column":6}},"11":{"start":{"line":21,"column":0},"end":{"line":24,"column":1}}},"fnMap":{"0":{"name":"(anonymous_0)","decl":{"start":{"line":15,"column":13},"end":{"line":15,"column":14}},"loc":{"start":{"line":15,"column":36},"end":{"line":19,"column":1}},"line":15}},"branchMap":{},"s":{"0":3,"1":3,"2":3,"3":3,"4":3,"5":3,"6":3,"7":3,"8":3,"9":3,"10":1,"11":3},"f":{"0":1},"b":{},"_coverageSchema":"1a1c01bbd47fc00a2c39e90264f33305004495a9","hash":"de0636851c6a1e69dc32e1b6f0b67ab0841f832e"}
,"/home/laura/term3/rostr-backend/src/controllers/rosters/rosterControllers.js": {"path":"/home/laura/term3/rostr-backend/src/controllers/rosters/rosterControllers.js","statementMap":{"0":{"start":{"line":1,"column":15},"end":{"line":1,"column":45}},"1":{"start":{"line":5,"column":20},"end":{"line":5,"column":39}},"2":{"start":{"line":6,"column":4},"end":{"line":6,"column":18}},"3":{"start":{"line":11,"column":19},"end":{"line":11,"column":50}},"4":{"start":{"line":12,"column":4},"end":{"line":12,"column":17}},"5":{"start":{"line":17,"column":19},"end":{"line":17,"column":52}},"6":{"start":{"line":18,"column":4},"end":{"line":18,"column":17}},"7":{"start":{"line":23,"column":24},"end":{"line":23,"column":34}},"8":{"start":{"line":24,"column":20},"end":{"line":24,"column":71}},"9":{"start":{"line":25,"column":4},"end":{"line":25,"column":18}},"10":{"start":{"line":30,"column":24},"end":{"line":30,"column":34}},"11":{"start":{"line":31,"column":20},"end":{"line":31,"column":68}},"12":{"start":{"line":32,"column":4},"end":{"line":32,"column":18}},"13":{"start":{"line":37,"column":23},"end":{"line":37,"column":50}},"14":{"start":{"line":38,"column":4},"end":{"line":38,"column":20}},"15":{"start":{"line":43,"column":26},"end":{"line":46,"column":7}},"16":{"start":{"line":47,"column":4},"end":{"line":47,"column":24}},"17":{"start":{"line":52,"column":26},"end":{"line":52,"column":66}},"18":{"start":{"line":53,"column":4},"end":{"line":53,"column":24}},"19":{"start":{"line":57,"column":0},"end":{"line":66,"column":1}}},"fnMap":{"0":{"name":"getRosters","decl":{"start":{"line":4,"column":15},"end":{"line":4,"column":25}},"loc":{"start":{"line":4,"column":28},"end":{"line":7,"column":1}},"line":4},"1":{"name":"getRosterById","decl":{"start":{"line":10,"column":15},"end":{"line":10,"column":28}},"loc":{"start":{"line":10,"column":39},"end":{"line":13,"column":1}},"line":10},"2":{"name":"getRosterByDate","decl":{"start":{"line":16,"column":15},"end":{"line":16,"column":30}},"loc":{"start":{"line":16,"column":38},"end":{"line":19,"column":1}},"line":16},"3":{"name":"getUpcomingRosters","decl":{"start":{"line":22,"column":15},"end":{"line":22,"column":33}},"loc":{"start":{"line":22,"column":36},"end":{"line":26,"column":1}},"line":22},"4":{"name":"getPreviousRosters","decl":{"start":{"line":29,"column":15},"end":{"line":29,"column":33}},"loc":{"start":{"line":29,"column":36},"end":{"line":33,"column":1}},"line":29},"5":{"name":"createRoster","decl":{"start":{"line":36,"column":15},"end":{"line":36,"column":27}},"loc":{"start":{"line":36,"column":36},"end":{"line":39,"column":1}},"line":36},"6":{"name":"updateRoster","decl":{"start":{"line":42,"column":15},"end":{"line":42,"column":27}},"loc":{"start":{"line":42,"column":50},"end":{"line":48,"column":1}},"line":42},"7":{"name":"deleteRoster","decl":{"start":{"line":51,"column":15},"end":{"line":51,"column":27}},"loc":{"start":{"line":51,"column":38},"end":{"line":54,"column":1}},"line":51}},"branchMap":{},"s":{"0":3,"1":1,"2":1,"3":3,"4":3,"5":1,"6":1,"7":1,"8":1,"9":1,"10":1,"11":1,"12":1,"13":2,"14":2,"15":1,"16":1,"17":2,"18":2,"19":3},"f":{"0":1,"1":3,"2":1,"3":1,"4":1,"5":2,"6":1,"7":2},"b":{},"_coverageSchema":"1a1c01bbd47fc00a2c39e90264f33305004495a9","hash":"38b5cd6a9dc84770201743ccf59a3714f6223501"}
,"/home/laura/term3/rostr-backend/src/controllers/rosters/rosterRoutes.js": {"path":"/home/laura/term3/rostr-backend/src/controllers/rosters/rosterRoutes.js","statementMap":{"0":{"start":{"line":1,"column":16},"end":{"line":1,"column":34}},"1":{"start":{"line":2,"column":21},"end":{"line":2,"column":37}},"2":{"start":{"line":11,"column":4},"end":{"line":11,"column":34}},"3":{"start":{"line":15,"column":0},"end":{"line":18,"column":2}},"4":{"start":{"line":16,"column":20},"end":{"line":16,"column":38}},"5":{"start":{"line":17,"column":4},"end":{"line":17,"column":26}},"6":{"start":{"line":21,"column":0},"end":{"line":24,"column":2}},"7":{"start":{"line":22,"column":19},"end":{"line":22,"column":62}},"8":{"start":{"line":23,"column":4},"end":{"line":23,"column":25}},"9":{"start":{"line":27,"column":0},"end":{"line":30,"column":2}},"10":{"start":{"line":28,"column":20},"end":{"line":28,"column":46}},"11":{"start":{"line":29,"column":4},"end":{"line":29,"column":26}},"12":{"start":{"line":33,"column":0},"end":{"line":36,"column":2}},"13":{"start":{"line":34,"column":20},"end":{"line":34,"column":46}},"14":{"start":{"line":35,"column":4},"end":{"line":35,"column":26}},"15":{"start":{"line":39,"column":0},"end":{"line":47,"column":2}},"16":{"start":{"line":40,"column":19},"end":{"line":40,"column":63}},"17":{"start":{"line":41,"column":4},"end":{"line":45,"column":5}},"18":{"start":{"line":42,"column":8},"end":{"line":44,"column":10}},"19":{"start":{"line":46,"column":4},"end":{"line":46,"column":25}},"20":{"start":{"line":50,"column":0},"end":{"line":57,"column":2}},"21":{"start":{"line":51,"column":19},"end":{"line":55,"column":6}},"22":{"start":{"line":56,"column":4},"end":{"line":56,"column":25}},"23":{"start":{"line":60,"column":0},"end":{"line":72,"column":2}},"24":{"start":{"line":61,"column":19},"end":{"line":65,"column":5}},"25":{"start":{"line":66,"column":4},"end":{"line":70,"column":5}},"26":{"start":{"line":67,"column":8},"end":{"line":69,"column":10}},"27":{"start":{"line":71,"column":4},"end":{"line":71,"column":25}},"28":{"start":{"line":75,"column":0},"end":{"line":78,"column":2}},"29":{"start":{"line":76,"column":19},"end":{"line":76,"column":62}},"30":{"start":{"line":77,"column":4},"end":{"line":77,"column":25}},"31":{"start":{"line":80,"column":0},"end":{"line":80,"column":29}}},"fnMap":{"0":{"name":"(anonymous_0)","decl":{"start":{"line":15,"column":22},"end":{"line":15,"column":23}},"loc":{"start":{"line":15,"column":51},"end":{"line":18,"column":1}},"line":15},"1":{"name":"(anonymous_1)","decl":{"start":{"line":21,"column":33},"end":{"line":21,"column":34}},"loc":{"start":{"line":21,"column":62},"end":{"line":24,"column":1}},"line":21},"2":{"name":"(anonymous_2)","decl":{"start":{"line":27,"column":30},"end":{"line":27,"column":31}},"loc":{"start":{"line":27,"column":59},"end":{"line":30,"column":1}},"line":27},"3":{"name":"(anonymous_3)","decl":{"start":{"line":33,"column":30},"end":{"line":33,"column":31}},"loc":{"start":{"line":33,"column":59},"end":{"line":36,"column":1}},"line":33},"4":{"name":"(anonymous_4)","decl":{"start":{"line":39,"column":31},"end":{"line":39,"column":32}},"loc":{"start":{"line":39,"column":60},"end":{"line":47,"column":1}},"line":39},"5":{"name":"(anonymous_5)","decl":{"start":{"line":50,"column":23},"end":{"line":50,"column":24}},"loc":{"start":{"line":50,"column":52},"end":{"line":57,"column":1}},"line":50},"6":{"name":"(anonymous_6)","decl":{"start":{"line":60,"column":31},"end":{"line":60,"column":32}},"loc":{"start":{"line":60,"column":60},"end":{"line":72,"column":1}},"line":60},"7":{"name":"(anonymous_7)","decl":{"start":{"line":75,"column":34},"end":{"line":75,"column":35}},"loc":{"start":{"line":75,"column":63},"end":{"line":78,"column":1}},"line":75}},"branchMap":{"0":{"loc":{"start":{"line":41,"column":4},"end":{"line":45,"column":5}},"type":"if","locations":[{"start":{"line":41,"column":4},"end":{"line":45,"column":5}},{"start":{},"end":{}}],"line":41},"1":{"loc":{"start":{"line":66,"column":4},"end":{"line":70,"column":5}},"type":"if","locations":[{"start":{"line":66,"column":4},"end":{"line":70,"column":5}},{"start":{},"end":{}}],"line":66}},"s":{"0":3,"1":3,"2":3,"3":3,"4":1,"5":1,"6":3,"7":1,"8":1,"9":3,"10":1,"11":1,"12":3,"13":1,"14":1,"15":3,"16":3,"17":3,"18":2,"19":1,"20":3,"21":2,"22":2,"23":3,"24":1,"25":1,"26":0,"27":1,"28":3,"29":2,"30":2,"31":3},"f":{"0":1,"1":1,"2":1,"3":1,"4":3,"5":2,"6":1,"7":2},"b":{"0":[2,1],"1":[0,1]},"_coverageSchema":"1a1c01bbd47fc00a2c39e90264f33305004495a9","hash":"de886344f22d1df140b724c19c183c762f1ba17e"}
,"/home/laura/term3/rostr-backend/src/controllers/shifts/shiftRoutes.js": {"path":"/home/laura/term3/rostr-backend/src/controllers/shifts/shiftRoutes.js","statementMap":{},"fnMap":{},"branchMap":{},"s":{},"f":{},"b":{},"_coverageSchema":"1a1c01bbd47fc00a2c39e90264f33305004495a9","hash":"8d89c01773e4c432b67612450aae25a924d3be99"}
,"/home/laura/term3/rostr-backend/src/controllers/users/userControllers.js": {"path":"/home/laura/term3/rostr-backend/src/controllers/users/userControllers.js","statementMap":{"0":{"start":{"line":1,"column":27},"end":{"line":1,"column":45}},"1":{"start":{"line":2,"column":13},"end":{"line":2,"column":41}},"2":{"start":{"line":4,"column":15},"end":{"line":4,"column":45}},"3":{"start":{"line":8,"column":18},"end":{"line":14,"column":16}},"4":{"start":{"line":15,"column":4},"end":{"line":15,"column":16}},"5":{"start":{"line":19,"column":17},"end":{"line":19,"column":44}},"6":{"start":{"line":20,"column":4},"end":{"line":20,"column":15}},"7":{"start":{"line":25,"column":18},"end":{"line":29,"column":24}},"8":{"start":{"line":30,"column":4},"end":{"line":30,"column":16}},"9":{"start":{"line":35,"column":20},"end":{"line":39,"column":6}},"10":{"start":{"line":40,"column":4},"end":{"line":40,"column":18}},"11":{"start":{"line":49,"column":24},"end":{"line":56,"column":6}},"12":{"start":{"line":57,"column":4},"end":{"line":57,"column":22}},"13":{"start":{"line":62,"column":24},"end":{"line":62,"column":60}},"14":{"start":{"line":63,"column":4},"end":{"line":63,"column":22}},"15":{"start":{"line":66,"column":0},"end":{"line":74,"column":1}}},"fnMap":{"0":{"name":"getUsers","decl":{"start":{"line":7,"column":15},"end":{"line":7,"column":23}},"loc":{"start":{"line":7,"column":26},"end":{"line":16,"column":1}},"line":7},"1":{"name":"getUserById","decl":{"start":{"line":18,"column":15},"end":{"line":18,"column":26}},"loc":{"start":{"line":18,"column":35},"end":{"line":21,"column":1}},"line":18},"2":{"name":"getUnavailabilities","decl":{"start":{"line":24,"column":15},"end":{"line":24,"column":34}},"loc":{"start":{"line":24,"column":37},"end":{"line":31,"column":1}},"line":24},"3":{"name":"getShifts","decl":{"start":{"line":34,"column":15},"end":{"line":34,"column":24}},"loc":{"start":{"line":34,"column":33},"end":{"line":41,"column":1}},"line":34},"4":{"name":"registerUser","decl":{"start":{"line":44,"column":15},"end":{"line":44,"column":27}},"loc":{"start":{"line":44,"column":34},"end":{"line":58,"column":1}},"line":44},"5":{"name":"deleteUser","decl":{"start":{"line":61,"column":15},"end":{"line":61,"column":25}},"loc":{"start":{"line":61,"column":34},"end":{"line":64,"column":1}},"line":61}},"branchMap":{},"s":{"0":3,"1":3,"2":3,"3":1,"4":1,"5":2,"6":2,"7":1,"8":1,"9":1,"10":1,"11":2,"12":2,"13":2,"14":2,"15":3},"f":{"0":1,"1":2,"2":1,"3":1,"4":2,"5":2},"b":{},"_coverageSchema":"1a1c01bbd47fc00a2c39e90264f33305004495a9","hash":"4da79babffab93bbf1cafaee4a7590656a8f59c7"}
,"/home/laura/term3/rostr-backend/src/controllers/users/userRoutes.js": {"path":"/home/laura/term3/rostr-backend/src/controllers/users/userRoutes.js","statementMap":{"0":{"start":{"line":1,"column":16},"end":{"line":1,"column":34}},"1":{"start":{"line":9,"column":4},"end":{"line":9,"column":32}},"2":{"start":{"line":11,"column":19},"end":{"line":11,"column":35}},"3":{"start":{"line":14,"column":0},"end":{"line":17,"column":2}},"4":{"start":{"line":15,"column":18},"end":{"line":15,"column":34}},"5":{"start":{"line":16,"column":4},"end":{"line":16,"column":24}},"6":{"start":{"line":20,"column":0},"end":{"line":23,"column":2}},"7":{"start":{"line":21,"column":29},"end":{"line":21,"column":56}},"8":{"start":{"line":22,"column":4},"end":{"line":22,"column":35}},"9":{"start":{"line":26,"column":0},"end":{"line":34,"column":2}},"10":{"start":{"line":32,"column":19},"end":{"line":32,"column":57}},"11":{"start":{"line":33,"column":4},"end":{"line":33,"column":25}},"12":{"start":{"line":37,"column":0},"end":{"line":45,"column":2}},"13":{"start":{"line":38,"column":17},"end":{"line":38,"column":57}},"14":{"start":{"line":39,"column":4},"end":{"line":43,"column":5}},"15":{"start":{"line":40,"column":8},"end":{"line":42,"column":10}},"16":{"start":{"line":44,"column":4},"end":{"line":44,"column":23}},"17":{"start":{"line":48,"column":0},"end":{"line":58,"column":2}},"18":{"start":{"line":49,"column":17},"end":{"line":56,"column":6}},"19":{"start":{"line":57,"column":4},"end":{"line":57,"column":30}},"20":{"start":{"line":61,"column":0},"end":{"line":64,"column":2}},"21":{"start":{"line":62,"column":17},"end":{"line":62,"column":56}},"22":{"start":{"line":63,"column":4},"end":{"line":63,"column":23}},"23":{"start":{"line":66,"column":0},"end":{"line":66,"column":27}}},"fnMap":{"0":{"name":"(anonymous_0)","decl":{"start":{"line":14,"column":20},"end":{"line":14,"column":21}},"loc":{"start":{"line":14,"column":49},"end":{"line":17,"column":1}},"line":14},"1":{"name":"(anonymous_1)","decl":{"start":{"line":20,"column":36},"end":{"line":20,"column":37}},"loc":{"start":{"line":20,"column":65},"end":{"line":23,"column":1}},"line":20},"2":{"name":"(anonymous_2)","decl":{"start":{"line":26,"column":34},"end":{"line":26,"column":35}},"loc":{"start":{"line":26,"column":63},"end":{"line":34,"column":1}},"line":26},"3":{"name":"(anonymous_3)","decl":{"start":{"line":37,"column":27},"end":{"line":37,"column":28}},"loc":{"start":{"line":37,"column":56},"end":{"line":45,"column":1}},"line":37},"4":{"name":"(anonymous_4)","decl":{"start":{"line":48,"column":21},"end":{"line":48,"column":22}},"loc":{"start":{"line":48,"column":50},"end":{"line":58,"column":1}},"line":48},"5":{"name":"(anonymous_5)","decl":{"start":{"line":61,"column":30},"end":{"line":61,"column":31}},"loc":{"start":{"line":61,"column":59},"end":{"line":64,"column":1}},"line":61}},"branchMap":{"0":{"loc":{"start":{"line":39,"column":4},"end":{"line":43,"column":5}},"type":"if","locations":[{"start":{"line":39,"column":4},"end":{"line":43,"column":5}},{"start":{},"end":{}}],"line":39}},"s":{"0":3,"1":3,"2":3,"3":3,"4":1,"5":1,"6":3,"7":1,"8":1,"9":3,"10":1,"11":1,"12":3,"13":2,"14":2,"15":1,"16":1,"17":3,"18":2,"19":2,"20":3,"21":2,"22":2,"23":3},"f":{"0":1,"1":1,"2":1,"3":2,"4":2,"5":2},"b":{"0":[1,1]},"_coverageSchema":"1a1c01bbd47fc00a2c39e90264f33305004495a9","hash":"f41b8b35d3d8968200516628a02ce6d0f2ee0c46"}
,"/home/laura/term3/rostr-backend/src/models/roster.js": {"path":"/home/laura/term3/rostr-backend/src/models/roster.js","statementMap":{"0":{"start":{"line":1,"column":17},"end":{"line":1,"column":36}},"1":{"start":{"line":2,"column":14},"end":{"line":2,"column":32}},"2":{"start":{"line":4,"column":21},"end":{"line":14,"column":2}},"3":{"start":{"line":16,"column":15},"end":{"line":16,"column":53}},"4":{"start":{"line":18,"column":0},"end":{"line":18,"column":23}}},"fnMap":{},"branchMap":{},"s":{"0":3,"1":3,"2":3,"3":3,"4":3},"f":{},"b":{},"_coverageSchema":"1a1c01bbd47fc00a2c39e90264f33305004495a9","hash":"3e577b3103d303a9de6c63f8c7cb9c2834082ae6"}
,"/home/laura/term3/rostr-backend/src/models/shift.js": {"path":"/home/laura/term3/rostr-backend/src/models/shift.js","statementMap":{"0":{"start":{"line":1,"column":17},"end":{"line":1,"column":36}},"1":{"start":{"line":2,"column":15},"end":{"line":2,"column":30}},"2":{"start":{"line":4,"column":20},"end":{"line":17,"column":2}},"3":{"start":{"line":19,"column":0},"end":{"line":19,"column":53}}},"fnMap":{},"branchMap":{},"s":{"0":3,"1":3,"2":3,"3":3},"f":{},"b":{},"_coverageSchema":"1a1c01bbd47fc00a2c39e90264f33305004495a9","hash":"63edc854841856c40a7c820c65f3810112bbd964"}
,"/home/laura/term3/rostr-backend/src/models/unavailability.js": {"path":"/home/laura/term3/rostr-backend/src/models/unavailability.js","statementMap":{"0":{"start":{"line":1,"column":17},"end":{"line":1,"column":36}},"1":{"start":{"line":3,"column":29},"end":{"line":17,"column":2}},"2":{"start":{"line":19,"column":0},"end":{"line":19,"column":71}}},"fnMap":{},"branchMap":{},"s":{"0":3,"1":3,"2":3},"f":{},"b":{},"_coverageSchema":"1a1c01bbd47fc00a2c39e90264f33305004495a9","hash":"719c2a2e1895560d8d05997a02b16d104a5192d0"}
,"/home/laura/term3/rostr-backend/src/models/user.js": {"path":"/home/laura/term3/rostr-backend/src/models/user.js","statementMap":{"0":{"start":{"line":1,"column":17},"end":{"line":1,"column":36}},"1":{"start":{"line":2,"column":23},"end":{"line":2,"column":50}},"2":{"start":{"line":4,"column":19},"end":{"line":11,"column":2}},"3":{"start":{"line":13,"column":13},"end":{"line":13,"column":47}},"4":{"start":{"line":15,"column":0},"end":{"line":15,"column":21}}},"fnMap":{},"branchMap":{},"s":{"0":3,"1":3,"2":3,"3":3,"4":3},"f":{},"b":{},"_coverageSchema":"1a1c01bbd47fc00a2c39e90264f33305004495a9","hash":"fd27997d503d4d66d4c4526925f08a05a58d7979"}
}
