TN:
SF:src/server.js
FN:15,(anonymous_0)
FNF:1
FNH:1
FNDA:1,(anonymous_0)
DA:1,3
DA:2,3
DA:3,3
DA:4,3
DA:6,3
DA:8,3
DA:10,3
DA:11,3
DA:13,3
DA:15,3
DA:16,1
DA:21,3
LF:12
LH:12
BRF:0
BRH:0
end_of_record
TN:
SF:src/controllers/rosters/rosterControllers.js
FN:4,getRosters
FN:10,getRosterById
FN:16,getRosterByDate
FN:22,getUpcomingRosters
FN:29,getPreviousRosters
FN:36,createRoster
FN:42,updateRoster
FN:51,deleteRoster
FNF:8
FNH:8
FNDA:1,getRosters
FNDA:3,getRosterById
FNDA:1,getRosterByDate
FNDA:1,getUpcomingRosters
FNDA:1,getPreviousRosters
FNDA:2,createRoster
FNDA:1,updateRoster
FNDA:2,deleteRoster
DA:1,3
DA:5,1
DA:6,1
DA:11,3
DA:12,3
DA:17,1
DA:18,1
DA:23,1
DA:24,1
DA:25,1
DA:30,1
DA:31,1
DA:32,1
DA:37,2
DA:38,2
DA:43,1
DA:47,1
DA:52,2
DA:53,2
DA:57,3
LF:20
LH:20
BRF:0
BRH:0
end_of_record
TN:
SF:src/controllers/rosters/rosterRoutes.js
FN:15,(anonymous_0)
FN:21,(anonymous_1)
FN:27,(anonymous_2)
FN:33,(anonymous_3)
FN:39,(anonymous_4)
FN:50,(anonymous_5)
FN:60,(anonymous_6)
FN:75,(anonymous_7)
FNF:8
FNH:8
FNDA:1,(anonymous_0)
FNDA:1,(anonymous_1)
FNDA:1,(anonymous_2)
FNDA:1,(anonymous_3)
FNDA:3,(anonymous_4)
FNDA:2,(anonymous_5)
FNDA:1,(anonymous_6)
FNDA:2,(anonymous_7)
DA:1,3
DA:2,3
DA:11,3
DA:15,3
DA:16,1
DA:17,1
DA:21,3
DA:22,1
DA:23,1
DA:27,3
DA:28,1
DA:29,1
DA:33,3
DA:34,1
DA:35,1
DA:39,3
DA:40,3
DA:41,3
DA:42,2
DA:46,1
DA:50,3
DA:51,2
DA:56,2
DA:60,3
DA:61,1
DA:66,1
DA:67,0
DA:71,1
DA:75,3
DA:76,2
DA:77,2
DA:80,3
LF:32
LH:31
BRDA:41,0,0,2
BRDA:41,0,1,1
BRDA:66,1,0,0
BRDA:66,1,1,1
BRF:4
BRH:3
end_of_record
TN:
SF:src/controllers/shifts/shiftRoutes.js
FNF:0
FNH:0
LF:0
LH:0
BRF:0
BRH:0
end_of_record
TN:
SF:src/controllers/users/userControllers.js
FN:7,getUsers
FN:18,getUserById
FN:24,getUnavailabilities
FN:34,getShifts
FN:44,registerUser
FN:61,deleteUser
FNF:6
FNH:6
FNDA:1,getUsers
FNDA:2,getUserById
FNDA:1,getUnavailabilities
FNDA:1,getShifts
FNDA:2,registerUser
FNDA:2,deleteUser
DA:1,3
DA:2,3
DA:4,3
DA:8,1
DA:15,1
DA:19,2
DA:20,2
DA:25,1
DA:30,1
DA:35,1
DA:40,1
DA:49,2
DA:57,2
DA:62,2
DA:63,2
DA:66,3
LF:16
LH:16
BRF:0
BRH:0
end_of_record
TN:
SF:src/controllers/users/userRoutes.js
FN:14,(anonymous_0)
FN:20,(anonymous_1)
FN:26,(anonymous_2)
FN:37,(anonymous_3)
FN:48,(anonymous_4)
FN:61,(anonymous_5)
FNF:6
FNH:6
FNDA:1,(anonymous_0)
FNDA:1,(anonymous_1)
FNDA:1,(anonymous_2)
FNDA:2,(anonymous_3)
FNDA:2,(anonymous_4)
FNDA:2,(anonymous_5)
DA:1,3
DA:9,3
DA:11,3
DA:14,3
DA:15,1
DA:16,1
DA:20,3
DA:21,1
DA:22,1
DA:26,3
DA:32,1
DA:33,1
DA:37,3
DA:38,2
DA:39,2
DA:40,1
DA:44,1
DA:48,3
DA:49,2
DA:57,2
DA:61,3
DA:62,2
DA:63,2
DA:66,3
LF:24
LH:24
BRDA:39,0,0,1
BRDA:39,0,1,1
BRF:2
BRH:2
end_of_record
TN:
SF:src/models/roster.js
FNF:0
FNH:0
DA:1,3
DA:2,3
DA:4,3
DA:16,3
DA:18,3
LF:5
LH:5
BRF:0
BRH:0
end_of_record
TN:
SF:src/models/shift.js
FNF:0
FNH:0
DA:1,3
DA:2,3
DA:4,3
DA:19,3
LF:4
LH:4
BRF:0
BRH:0
end_of_record
TN:
SF:src/models/unavailability.js
FNF:0
FNH:0
DA:1,3
DA:3,3
DA:19,3
LF:3
LH:3
BRF:0
BRH:0
end_of_record
TN:
SF:src/models/user.js
FNF:0
FNH:0
DA:1,3
DA:2,3
DA:4,3
DA:13,3
DA:15,3
LF:5
LH:5
BRF:0
BRH:0
end_of_record
